     1                                 %line 1+1 sub.asm
     2                                 [section .data]
     3 00000000 02                      input1 db "" ,2
     4 00000001 506C6561736520696E-     string1 db "Please input the first number: ",0x0a
     5 00000001 707574207468652066-
     6 00000001 69727374206E756D62-
     7 00000001 65723A200A         
     8 00000021 506C6561736520696E-     string2 db "Please input the second number: ",0x0a
     9 00000021 707574207468652073-
    10 00000021 65636F6E64206E756D-
    11 00000021 6265723A200A       
    12 00000042 6161616161610A          input2 db "aaaaaa",10
    13 00000049 6161616161610A          quot db "aaaaaa",0x0a
    14 00000050 616161616161610A        rem db "aaaaaaa",10
    15 00000058 616161616161610020-     divider dq "aaaaaaa",32
    16 00000058 00000000000000     
    17 00000068 0200000000000000        i : dq 2
    18                                 
    19                                 [section .text]
    20                                 [global _start]
    21                                 
    22                                  _start:
    23                                 
    24 00000000 48C7C21F000000          mov rdx, 31
    25 00000007 48C7C6[00000000]        mov rsi, dword string1
    26 0000000E 48C7C001000000          mov rax,1
    27 00000015 48C7C701000000          mov rdi,1
    28 0000001C 0F05                    syscall
    29                                 
    30                                 
    31                                 
    32                                 
    33 0000001E 48C7C203000000          mov rdx,3
    34 00000025 48C7C6[00000000]        mov rsi, dword input1
    35 0000002C 48C7C000000000          mov rax, 0
    36 00000033 48C7C700000000          mov rdi,0
    37 0000003A 0F05                    syscall
    38                                 
    39                                 
    40 0000003C 48C7C220000000          mov rdx,32
    41 00000043 48C7C6[00000000]        mov rsi, dword string2
    42 0000004A 48C7C001000000          mov rax, 1
    43 00000051 48C7C701000000          mov rdi, 1
    44 00000058 0F05                    syscall
    45                                 
    46                                 
    47 0000005A 48C7C203000000          mov rdx,3
    48 00000061 48C7C6[00000000]        mov rsi, dword input2
    49 00000068 48C7C000000000          mov rax, 0x0
    50 0000006F 48C7C700000000          mov rdi, 0x0
    51 00000076 0F05                    syscall
    52                                 
    53 00000078 4C0FBE0425[00000000]      movsx r8,byte [input1]
    54 00000081 4C0FBE1425[00000000]      movsx r10, byte [input2]
    55                                 
    56 0000008A 4C0FBE0C25[01000000]      movsx r9,byte [input1+1]
    57 00000093 4C0FBE1C25[01000000]      movsx r11, byte [input2+1]
    58                                 
    59                                 
    60 0000009C 4983E830                sub r8,'0'
    61 000000A0 4983EA30                sub r10,'0'
    62                                 
    63 000000A4 4983E930                sub r9,'0'
    64 000000A8 4983EB30                sub r11,'0'
    65                                 
    66 000000AC 4D29D0                  sub r8,r10
    67 000000AF 4D29D9                  sub r9,r11
    68                                 
    69 000000B2 4D89CD                  mov r13,r9
    70                                 
    71                                 
    72                                 
    73 000000B5 4D89C4                  mov r12,r8
    74 000000B8 4983EC01                sub r12,1
    75                                 
    76 000000BC 4C89C8                  mov rax,r9
    77 000000BF 4983C10A                add r9,10
    78                                 
    79                                 
    80 000000C3 4883F800                cmp rax,0
    81 000000C7 490F4CC1                cmovl rax, r9
    82 000000CB 4989C1                  mov r9,rax
    83 000000CE 4C89E8                  mov rax,r13
    84                                 
    85 000000D1 4883F800                cmp rax,0
    86 000000D5 490F4CC4                cmovl rax,r12
    87 000000D9 4989C5                  mov r13,rax
    88                                 
    89                                 
    90 000000DC 4983C030                add r8,48
    91 000000E0 4983C130                add r9,'0'
    92                                 
    93 000000E4 4983C430                add r12,48
    94 000000E8 4983C530                add r13,'0'
    95                                 
    96 000000EC 4C892C25[00000000]      mov [input1], r13
    97 000000F4 4C890C25[00000000]      mov [quot], r9
    98                                 
    99                                 
   100 000000FC 48C7C201000000          mov rdx,1
   101 00000103 48C7C6[00000000]        mov rsi, dword input1
   102 0000010A 48C7C001000000          mov rax, 1
   103 00000111 48C7C701000000          mov rdi, 1
   104 00000118 0F05                    syscall
   105                                 
   106 0000011A 48C7C201000000          mov rdx,1
   107 00000121 48C7C6[00000000]        mov rsi, dword quot
   108 00000128 48C7C001000000          mov rax, 1
   109 0000012F 48C7C701000000          mov rdi, 1
   110 00000136 0F05                    syscall
   111                                 
   112                                 
   113                                 
   114                                 
   115                                 
   116                                 
   117                                 
   118 00000138 48C7C03C000000          mov rax,60
   119 0000013F 4831FF                  xor rdi,rdi
   120 00000142 0F05                    syscall
