     1                                 %line 1+1 task3.asm
     2                                 [section .data]
     3 00000000 414141414242            input1 db "AAAABB"
     4 00000006 506C6561736520696E-     string1 db "Please input the first number: "
     5 00000006 707574207468652066-
     6 00000006 69727374206E756D62-
     7 00000006 65723A20           
     8 00000025 506C6561736520696E-     string2 db "Please input the second number: "
     9 00000025 707574207468652073-
    10 00000025 65636F6E64206E756D-
    11 00000025 6265723A20         
    12 00000045 414141414242            input2 db "AAAABB"
    13 0000004B 0A                      result db "",0x0a
    14                                 
    15                                 
    16                                 [section .text]
    17                                 [global _start]
    18                                 
    19                                  _start:
    20                                 
    21 00000000 48C7C21F000000          mov rdx, 0x1f
    22 00000007 48C7C6[00000000]        mov rsi, dword string1
    23 0000000E 48C7C001000000          mov rax, 0x1
    24 00000015 48C7C701000000          mov rdi, 0x1
    25 0000001C 0F05                    syscall
    26                                 
    27                                 
    28                                 
    29                                 
    30 0000001E 48C7C202000000          mov rdx, 0x2
    31 00000025 48C7C6[00000000]        mov rsi, dword input1
    32 0000002C 48C7C000000000          mov rax, 0x0
    33 00000033 48C7C700000000          mov rdi, 0x0
    34 0000003A 0F05                    syscall
    35                                 
    36                                 
    37 0000003C 48C7C220000000          mov rdx, 0x20
    38 00000043 48C7C6[00000000]        mov rsi, dword string2
    39 0000004A 48C7C001000000          mov rax, 0x1
    40 00000051 48C7C701000000          mov rdi, 0x1
    41 00000058 0F05                    syscall
    42                                 
    43                                 
    44 0000005A 48C7C202000000          mov rdx,0x2
    45 00000061 48C7C6[00000000]        mov rsi, dword input2
    46 00000068 48C7C000000000          mov rax, 0x0
    47 0000006F 48C7C700000000          mov rdi, 0x0
    48 00000076 0F05                    syscall
    49                                 
    50                                 
    51                                 
    52 00000078 488B0425[00000000]      mov rax, [input1]
    53 00000080 488B1C25[00000000]      mov rbx, [input2]
    54 00000088 4883E830                sub rax,48
    55 0000008C 4883EB30                sub rbx,48
    56 00000090 4801D8                  add rax,rbx
    57 00000093 4883C030                add rax,48
    58                                 
    59 00000097 48890425[00000000]      mov [result],rax
    60 0000009F 48C7C201000000          mov rdx,0x1
    61 000000A6 48C7C6[00000000]        mov rsi,dword input2
    62 000000AD 48C7C001000000          mov rax, 0x1
    63 000000B4 48C7C701000000          mov rdi, 0x1
    64 000000BB 0F05                    syscall
    65                                 
    66                                 
    67 000000BD 48C7C03C000000          mov rax,60
    68 000000C4 4831FF                  xor rdi,rdi
    69 000000C7 0F05                    syscall
    70                                 
    71                                 
    72                                 
    73                                 
