     1                                 %line 1+1 div.asm
     2                                 [section .data]
     3 00000000 02                      input1 db "" ,2
     4 00000001 506C6561736520696E-     string1 db "Please input the first number: ",0x0a
     5 00000001 707574207468652066-
     6 00000001 69727374206E756D62-
     7 00000001 65723A200A         
     8 00000021 506C6561736520696E-     string2 db "Please input the second number: ",0x0a
     9 00000021 707574207468652073-
    10 00000021 65636F6E64206E756D-
    11 00000021 6265723A200A       
    12 00000042 6161616161610A          input2 db "aaaaaa",10
    13 00000049 6161616161610A          quot db "aaaaaa",10
    14 00000050 616161616161610A        rem db "aaaaaaa",10
    15 00000058 616161616161610020-     divider dq "aaaaaaa",32
    16 00000058 00000000000000     
    17 00000068 720A                    r db "r",10
    18                                 [section .text]
    19                                 [global _start]
    20                                 
    21                                  _start:
    22                                 
    23 00000000 48C7C21F000000          mov rdx, 31
    24 00000007 48C7C6[00000000]        mov rsi, dword string1
    25 0000000E 48C7C001000000          mov rax,1
    26 00000015 48C7C701000000          mov rdi,1
    27 0000001C 0F05                    syscall
    28                                 
    29                                 
    30                                 
    31                                 
    32 0000001E 48C7C202000000          mov rdx,2
    33 00000025 48C7C6[00000000]        mov rsi, dword input1
    34 0000002C 48C7C000000000          mov rax, 0
    35 00000033 48C7C700000000          mov rdi,0
    36 0000003A 0F05                    syscall
    37                                 
    38                                 
    39 0000003C 48C7C220000000          mov rdx,32
    40 00000043 48C7C6[00000000]        mov rsi, dword string2
    41 0000004A 48C7C001000000          mov rax, 1
    42 00000051 48C7C701000000          mov rdi, 1
    43 00000058 0F05                    syscall
    44                                 
    45                                 
    46 0000005A 48C7C202000000          mov rdx,0x2
    47 00000061 48C7C6[00000000]        mov rsi, dword input2
    48 00000068 48C7C000000000          mov rax, 0x0
    49 0000006F 48C7C700000000          mov rdi, 0x0
    50 00000076 0F05                    syscall
    51                                 
    52                                 
    53 00000078 4C0FBE0425[00000000]      movsx r8,byte [input1]
    54 00000081 4C0FBE1425[00000000]      movsx r10, byte [input2]
    55 0000008A 4983E830                sub r8,48
    56 0000008E 4983EA30                sub r10,48
    57                                 
    58                                 
    59                                 
    60                                 
    61 00000092 4831D2                  xor rdx,rdx
    62                                 
    63                                 
    64                                 
    65 00000095 4C89C0                  mov rax,r8
    66 00000098 4C891425[00000000]      mov [rem] , r10
    67 000000A0 F73425[00000000]        div dword [rem]
    68 000000A7 4883C030                add rax,48
    69 000000AB 48890425[00000000]      mov [quot] , rax
    70                                 
    71                                 
    72                                 
    73                                 
    74                                 
    75 000000B3 4883C230                add rdx,48
    76                                 
    77 000000B7 48891425[00000000]      mov [rem] , rdx
    78                                 
    79                                 
    80                                 
    81                                 
    82 000000BF 48C7C201000000          mov rdx,1
    83 000000C6 48BE[00000000000000-     mov rsi,qword quot
    84 000000C6 00]                
    85 000000D0 48C7C001000000          mov rax, 1
    86 000000D7 48C7C701000000          mov rdi, 1
    87 000000DE 0F05                    syscall
    88                                 
    89                                 
    90 000000E0 48C7C201000000          mov rdx,1
    91 000000E7 48C7C6[00000000]        mov rsi,dword r
    92 000000EE 48C7C001000000          mov rax, 1
    93 000000F5 48C7C701000000          mov rdi, 1
    94 000000FC 0F05                    syscall
    95                                 
    96 000000FE 48C7C201000000          mov rdx,1
    97 00000105 48C7C6[00000000]        mov rsi,dword rem
    98 0000010C 48C7C001000000          mov rax, 1
    99 00000113 48C7C701000000          mov rdi, 1
   100 0000011A 0F05                    syscall
   101                                 
   102                                 
   103                                 
   104 0000011C 48C7C03C000000          mov rax,60
   105 00000123 4831FF                  xor rdi,rdi
   106 00000126 0F05                    syscall
